[2020-01-21 06:55:10] [IMessager.java] [18] [INFO]  TEST [Mobile test 1 - testLoginUser] STARTED at [18:55:10 2020-01-21]
[2020-01-21 06:56:09] [DriverListener.java] [18] [INFO] PASS: element 'nextBtn' is clicked.
[2020-01-21 06:56:11] [ExtendedWebElement.java] [18] [ERROR] catched WebDriverException: 
[2020-01-21 06:56:14] [IMessager.java] [18] [ERROR] SM-J415F - 879ee013 TEST [Mobile test 1 - testLoginUser] FAILED at [18:56:14 2020-01-21] - Unable to detect element: nextBtn (By.id: next_button)

com.qaprosoft.carina.core.foundation.webdriver.decorator.ExtendedWebElement.doAction(ExtendedWebElement.java:1391)
com.qaprosoft.carina.core.foundation.webdriver.decorator.ExtendedWebElement.doAction(ExtendedWebElement.java:1345)
com.qaprosoft.carina.core.foundation.webdriver.decorator.ExtendedWebElement.click(ExtendedWebElement.java:493)
com.qaprosoft.carina.core.foundation.webdriver.decorator.ExtendedWebElement.click(ExtendedWebElement.java:481)
com.qaprosoft.carina.core.foundation.webdriver.decorator.ExtendedWebElement.click(ExtendedWebElement.java:472)
com.qaprosoft.carina.demo.mobile.gui.pages.android.WelcomePage.clickNextBtn(WelcomePage.java:31)
com.qaprosoft.carina.demo.MobileSampleTest.testLoginUser(MobileSampleTest.java:87)
sun.reflect.NativeMethodAccessorImpl.invoke0(Native Method)
sun.reflect.NativeMethodAccessorImpl.invoke(Unknown Source)
sun.reflect.DelegatingMethodAccessorImpl.invoke(Unknown Source)
java.lang.reflect.Method.invoke(Unknown Source)
org.testng.internal.MethodInvocationHelper.invokeMethod(MethodInvocationHelper.java:124)
org.testng.internal.Invoker.invokeMethod(Invoker.java:583)
org.testng.internal.Invoker.invokeTestMethod(Invoker.java:719)
org.testng.internal.Invoker.invokeTestMethods(Invoker.java:989)
org.testng.internal.TestMethodWorker.invokeTestMethods(TestMethodWorker.java:125)
org.testng.internal.TestMethodWorker.run(TestMethodWorker.java:109)
org.testng.TestRunner.privateRun(TestRunner.java:648)
org.testng.TestRunner.run(TestRunner.java:505)
org.testng.SuiteRunner.runTest(SuiteRunner.java:455)
org.testng.SuiteRunner.access$000(SuiteRunner.java:40)
org.testng.SuiteRunner$SuiteWorker.run(SuiteRunner.java:489)
org.testng.internal.thread.ThreadUtil$1.call(ThreadUtil.java:52)
java.util.concurrent.FutureTask.run(Unknown Source)
java.util.concurrent.ThreadPoolExecutor.runWorker(Unknown Source)
java.util.concurrent.ThreadPoolExecutor$Worker.run(Unknown Source)
java.lang.Thread.run(Unknown Source)
