<!DOCTYPE html PUBLIC "-//W3C//DTD XHTML 1.1//EN" "http://www.w3.org/TR/xhtml11/DTD/xhtml11.dtd">
<html xmlns="http://www.w3.org/1999/xhtml">
<head>
<meta http-equiv="content-type" content="text/html; charset=UTF-8"/>
<title>TestNG Report</title>
<style type="text/css">table {margin-bottom:10px;border-collapse:collapse;empty-cells:show}th,td {border:1px solid #009;padding:.25em .5em}th {vertical-align:bottom}td {vertical-align:top}table a {font-weight:bold}.stripe td {background-color: #E6EBF9}.num {text-align:right}.passedodd td {background-color: #3F3}.passedeven td {background-color: #0A0}.skippedodd td {background-color: #DDD}.skippedeven td {background-color: #CCC}.failedodd td,.attn {background-color: #F33}.failedeven td,.stripe .attn {background-color: #D00}.stacktrace {white-space:pre;font-family:monospace}.totop {font-size:85%;text-align:center;border-bottom:2px solid #000}.invisible {display:none}</style>
</head>
<body>
<table>
<tr><th>Test</th><th># Passed</th><th># Skipped</th><th># Failed</th><th>Time (ms)</th><th>Included Groups</th><th>Excluded Groups</th></tr>
<tr><th colspan="7">Carina Demo Tests - Mobile Sample (Android)</th></tr>
<tr><td><a href="#t0">Mobile test 1</a></td><td class="num">0</td><td class="num">0</td><td class="num attn">1</td><td class="num">1,342</td><td></td><td></td></tr>
<tr class="stripe"><td><a href="#t1">Mobile test 2</a></td><td class="num">0</td><td class="num">0</td><td class="num attn">1</td><td class="num">57,165</td><td></td><td></td></tr>
<tr><th>Total</th><th class="num">0</th><th class="num">0</th><th class="num attn">2</th><th class="num">58,507</th><th colspan="2"></th></tr>
</table>
<table id='summary'><thead><tr><th>Class</th><th>Method</th><th>Start</th><th>Time (ms)</th></tr></thead><tbody><tr><th colspan="4">Carina Demo Tests - Mobile Sample (Android)</th></tr></tbody><tbody id="t0"><tr><th colspan="4">Mobile test 1 &#8212; failed</th></tr><tr class="failedeven"><td rowspan="1">com.qaprosoft.carina.demo.MobileSampleTest</td><td><a href="#m0">testLoginUser</a></td><td rowspan="1">1579612950199</td><td rowspan="1">1256</td></tr></tbody>
<tbody id="t1"><tr><th colspan="4">Mobile test 2 &#8212; failed</th></tr><tr class="failedeven"><td rowspan="1">com.qaprosoft.carina.demo.HDFC_MobileSalesDemo</td><td><a href="#m1">testMobileSalesDiary</a></td><td rowspan="1">1579612951532</td><td rowspan="1">57154</td></tr></tbody>
</table>
<h2>Mobile test 1</h2><h3 id="m0">com.qaprosoft.carina.demo.MobileSampleTest#testLoginUser</h3><table class="result"><tr class="param"><th>Parameter #1</th></tr><tr class="param stripe"><td>Samsung_Galaxy_J4_Plus.properties</td></tr><tr><th>Messages</th></tr><tr><td><div class="messages"> TEST [Mobile test 1 - testLoginUser] FAILED at [18:52:31 2020-01-21] - org.openqa.selenium.SessionNotCreatedException: com.ssts.pcloudy.exception.ConnectError : Application with name 'carinademoexample.apk' not found in Cloud Drive (WARNING: The server did not provide any stacktrace information)
Command duration or timeout: 651 milliseconds
Build info: version: '3.141.59', revision: 'e82be7d358', time: '2018-11-14T08:17:03'
System info: host: 'QKNBK474', ip: '172.20.191.241', os.name: 'Windows 10', os.arch: 'amd64', os.version: '10.0', java.version: '1.8.0_131'
Driver info: driver.version: AndroidDriver

com.qaprosoft.carina.core.foundation.webdriver.listener.EventFiringAppiumCommandExecutor.execute(EventFiringAppiumCommandExecutor.java:169)
org.openqa.selenium.remote.RemoteWebDriver.execute(RemoteWebDriver.java:552)
io.appium.java_client.DefaultGenericMobileDriver.execute(DefaultGenericMobileDriver.java:41)
io.appium.java_client.AppiumDriver.execute(AppiumDriver.java:1)
io.appium.java_client.android.AndroidDriver.execute(AndroidDriver.java:1)
org.openqa.selenium.remote.RemoteWebDriver.startSession(RemoteWebDriver.java:213)
io.appium.java_client.AppiumDriver.startSession(AppiumDriver.java:323)
org.openqa.selenium.remote.RemoteWebDriver.<init>(RemoteWebDriver.java:131)
io.appium.java_client.DefaultGenericMobileDriver.<init>(DefaultGenericMobileDriver.java:37)
io.appium.java_client.AppiumDriver.<init>(AppiumDriver.java:86)
io.appium.java_client.android.AndroidDriver.<init>(AndroidDriver.java:84)
com.qaprosoft.carina.core.foundation.webdriver.core.factory.impl.MobileFactory.create(MobileFactory.java:167)
com.qaprosoft.carina.core.foundation.webdriver.core.factory.DriverFactory.create(DriverFactory.java:71)
com.qaprosoft.carina.core.foundation.webdriver.IDriverPool.createDriver(IDriverPool.java:353)
com.qaprosoft.carina.core.foundation.webdriver.IDriverPool.getDriver(IDriverPool.java:143)
com.qaprosoft.carina.demo.MobileSampleTest.setCustCaps(MobileSampleTest.java:53)
com.qaprosoft.carina.demo.MobileSampleTest.testLoginUser(MobileSampleTest.java:82)
sun.reflect.NativeMethodAccessorImpl.invoke0(Native Method)
sun.reflect.NativeMethodAccessorImpl.invoke(Unknown Source)
sun.reflect.DelegatingMethodAccessorImpl.invoke(Unknown Source)
java.lang.reflect.Method.invoke(Unknown Source)
org.testng.internal.MethodInvocationHelper.invokeMethod(MethodInvocationHelper.java:124)
org.testng.internal.Invoker.invokeMethod(Invoker.java:583)
org.testng.internal.Invoker.invokeTestMethod(Invoker.java:719)
org.testng.internal.Invoker.invokeTestMethods(Invoker.java:989)
org.testng.internal.TestMethodWorker.invokeTestMethods(TestMethodWorker.java:125)
org.testng.internal.TestMethodWorker.run(TestMethodWorker.java:109)
org.testng.TestRunner.privateRun(TestRunner.java:648)
org.testng.TestRunner.run(TestRunner.java:505)
org.testng.SuiteRunner.runTest(SuiteRunner.java:455)
org.testng.SuiteRunner.access$000(SuiteRunner.java:40)
org.testng.SuiteRunner$SuiteWorker.run(SuiteRunner.java:489)
org.testng.internal.thread.ThreadUtil$1.call(ThreadUtil.java:52)
java.util.concurrent.FutureTask.run(Unknown Source)
java.util.concurrent.ThreadPoolExecutor.runWorker(Unknown Source)
java.util.concurrent.ThreadPoolExecutor$Worker.run(Unknown Source)
java.lang.Thread.run(Unknown Source)</div></td></tr><tr><th>Exception</th></tr><tr><td><div class="stacktrace">org.openqa.selenium.WebDriverException: org.openqa.selenium.SessionNotCreatedException: com.ssts.pcloudy.exception.ConnectError : Application with name &apos;carinademoexample.apk&apos; not found in Cloud Drive (WARNING: The server did not provide any stacktrace information)
Command duration or timeout: 651 milliseconds
Build info: version: &apos;3.141.59&apos;, revision: &apos;e82be7d358&apos;, time: &apos;2018-11-14T08:17:03&apos;
System info: host: &apos;QKNBK474&apos;, ip: &apos;172.20.191.241&apos;, os.name: &apos;Windows 10&apos;, os.arch: &apos;amd64&apos;, os.version: &apos;10.0&apos;, java.version: &apos;1.8.0_131&apos;
Driver info: driver.version: AndroidDriver
	at com.qaprosoft.carina.core.foundation.webdriver.listener.EventFiringAppiumCommandExecutor.execute(EventFiringAppiumCommandExecutor.java:169)
	at org.openqa.selenium.remote.RemoteWebDriver.execute(RemoteWebDriver.java:552)
	at io.appium.java_client.DefaultGenericMobileDriver.execute(DefaultGenericMobileDriver.java:41)
	at io.appium.java_client.AppiumDriver.execute(AppiumDriver.java:1)
	at io.appium.java_client.android.AndroidDriver.execute(AndroidDriver.java:1)
	at org.openqa.selenium.remote.RemoteWebDriver.startSession(RemoteWebDriver.java:213)
	at io.appium.java_client.AppiumDriver.startSession(AppiumDriver.java:323)
	at org.openqa.selenium.remote.RemoteWebDriver.&lt;init&gt;(RemoteWebDriver.java:131)
	at io.appium.java_client.DefaultGenericMobileDriver.&lt;init&gt;(DefaultGenericMobileDriver.java:37)
	at io.appium.java_client.AppiumDriver.&lt;init&gt;(AppiumDriver.java:86)
	at io.appium.java_client.android.AndroidDriver.&lt;init&gt;(AndroidDriver.java:84)
	at com.qaprosoft.carina.core.foundation.webdriver.core.factory.impl.MobileFactory.create(MobileFactory.java:167)
	at com.qaprosoft.carina.core.foundation.webdriver.core.factory.DriverFactory.create(DriverFactory.java:71)
	at com.qaprosoft.carina.core.foundation.webdriver.IDriverPool.createDriver(IDriverPool.java:353)
	at com.qaprosoft.carina.core.foundation.webdriver.IDriverPool.getDriver(IDriverPool.java:143)
	at com.qaprosoft.carina.demo.MobileSampleTest.setCustCaps(MobileSampleTest.java:53)
	at com.qaprosoft.carina.demo.MobileSampleTest.testLoginUser(MobileSampleTest.java:82)
	at java.util.concurrent.FutureTask.run(Unknown Source)
	at java.util.concurrent.ThreadPoolExecutor.runWorker(Unknown Source)
	at java.util.concurrent.ThreadPoolExecutor$Worker.run(Unknown Source)
	at java.lang.Thread.run(Unknown Source)
Caused by: org.openqa.selenium.SessionNotCreatedException: com.ssts.pcloudy.exception.ConnectError : Application with name &apos;carinademoexample.apk&apos; not found in Cloud Drive (WARNING: The server did not provide any stacktrace information)
Command duration or timeout: 651 milliseconds
Build info: version: &apos;3.141.59&apos;, revision: &apos;e82be7d358&apos;, time: &apos;2018-11-14T08:17:03&apos;
System info: host: &apos;QKNBK474&apos;, ip: &apos;172.20.191.241&apos;, os.name: &apos;Windows 10&apos;, os.arch: &apos;amd64&apos;, os.version: &apos;10.0&apos;, java.version: &apos;1.8.0_131&apos;
Driver info: driver.version: AndroidDriver
	at org.openqa.selenium.remote.ErrorHandler.createThrowable(ErrorHandler.java:214)
	at org.openqa.selenium.remote.ErrorHandler.throwIfResponseFailed(ErrorHandler.java:166)
	at org.openqa.selenium.remote.JsonWireProtocolResponse.lambda$errorHandler$0(JsonWireProtocolResponse.java:54)
	at org.openqa.selenium.remote.HandshakeResponse.lambda$getResponseFunction$0(HandshakeResponse.java:30)
	at org.openqa.selenium.remote.ProtocolHandshake.lambda$createSession$0(ProtocolHandshake.java:126)
	at java.util.stream.ReferencePipeline$3$1.accept(Unknown Source)
	at java.util.Spliterators$ArraySpliterator.tryAdvance(Unknown Source)
	at java.util.stream.ReferencePipeline.forEachWithCancel(Unknown Source)
	at java.util.stream.AbstractPipeline.copyIntoWithCancel(Unknown Source)
	at java.util.stream.AbstractPipeline.copyInto(Unknown Source)
	at java.util.stream.AbstractPipeline.wrapAndCopyInto(Unknown Source)
	at java.util.stream.FindOps$FindOp.evaluateSequential(Unknown Source)
	at java.util.stream.AbstractPipeline.evaluate(Unknown Source)
	at java.util.stream.ReferencePipeline.findFirst(Unknown Source)
	at org.openqa.selenium.remote.ProtocolHandshake.createSession(ProtocolHandshake.java:128)
	at org.openqa.selenium.remote.ProtocolHandshake.createSession(ProtocolHandshake.java:74)
	at org.openqa.selenium.remote.HttpCommandExecutor.execute(HttpCommandExecutor.java:136)
	at com.qaprosoft.carina.core.foundation.webdriver.listener.EventFiringAppiumCommandExecutor.execute(EventFiringAppiumCommandExecutor.java:150)
	... 36 more
... Removed 20 stack frames</div></td></tr></table><p class="totop"><a href="#summary">back to summary</a></p>
<h2>Mobile test 2</h2><h3 id="m1">com.qaprosoft.carina.demo.HDFC_MobileSalesDemo#testMobileSalesDiary</h3><table class="result"><tr class="param"><th>Parameter #1</th></tr><tr class="param stripe"><td>Samsung_Galaxy_J5_Prime.properties</td></tr><tr><th>Messages</th></tr><tr><td><div class="messages"> TEST [Mobile test 2 - testMobileSalesDiary] FAILED at [18:53:28 2020-01-21] - org.openqa.selenium.SessionNotCreatedException: Appium Server Error due to some reason please check Hub/AppiumStdErr logs for more Information (WARNING: The server did not provide any stacktrace information)
Command duration or timeout: 57.13 seconds
Build info: version: '3.141.59', revision: 'e82be7d358', time: '2018-11-14T08:17:03'
System info: host: 'QKNBK474', ip: '172.20.191.241', os.name: 'Windows 10', os.arch: 'amd64', os.version: '10.0', java.version: '1.8.0_131'
Driver info: driver.version: AndroidDriver

com.qaprosoft.carina.core.foundation.webdriver.listener.EventFiringAppiumCommandExecutor.execute(EventFiringAppiumCommandExecutor.java:169)
org.openqa.selenium.remote.RemoteWebDriver.execute(RemoteWebDriver.java:552)
io.appium.java_client.DefaultGenericMobileDriver.execute(DefaultGenericMobileDriver.java:41)
io.appium.java_client.AppiumDriver.execute(AppiumDriver.java:1)
io.appium.java_client.android.AndroidDriver.execute(AndroidDriver.java:1)
org.openqa.selenium.remote.RemoteWebDriver.startSession(RemoteWebDriver.java:213)
io.appium.java_client.AppiumDriver.startSession(AppiumDriver.java:323)
org.openqa.selenium.remote.RemoteWebDriver.<init>(RemoteWebDriver.java:131)
io.appium.java_client.DefaultGenericMobileDriver.<init>(DefaultGenericMobileDriver.java:37)
io.appium.java_client.AppiumDriver.<init>(AppiumDriver.java:86)
io.appium.java_client.android.AndroidDriver.<init>(AndroidDriver.java:84)
com.qaprosoft.carina.core.foundation.webdriver.core.factory.impl.MobileFactory.create(MobileFactory.java:167)
com.qaprosoft.carina.core.foundation.webdriver.core.factory.DriverFactory.create(DriverFactory.java:71)
com.qaprosoft.carina.core.foundation.webdriver.IDriverPool.createDriver(IDriverPool.java:353)
com.qaprosoft.carina.core.foundation.webdriver.IDriverPool.getDriver(IDriverPool.java:143)
com.qaprosoft.carina.demo.HDFC_MobileSalesDemo.setCustCaps(HDFC_MobileSalesDemo.java:45)
com.qaprosoft.carina.demo.HDFC_MobileSalesDemo.testMobileSalesDiary(HDFC_MobileSalesDemo.java:67)
sun.reflect.NativeMethodAccessorImpl.invoke0(Native Method)
sun.reflect.NativeMethodAccessorImpl.invoke(Unknown Source)
sun.reflect.DelegatingMethodAccessorImpl.invoke(Unknown Source)
java.lang.reflect.Method.invoke(Unknown Source)
org.testng.internal.MethodInvocationHelper.invokeMethod(MethodInvocationHelper.java:124)
org.testng.internal.Invoker.invokeMethod(Invoker.java:583)
org.testng.internal.Invoker.invokeTestMethod(Invoker.java:719)
org.testng.internal.Invoker.invokeTestMethods(Invoker.java:989)
org.testng.internal.TestMethodWorker.invokeTestMethods(TestMethodWorker.java:125)
org.testng.internal.TestMethodWorker.run(TestMethodWorker.java:109)
org.testng.TestRunner.privateRun(TestRunner.java:648)
org.testng.TestRunner.run(TestRunner.java:505)
org.testng.SuiteRunner.runTest(SuiteRunner.java:455)
org.testng.SuiteRunner.access$000(SuiteRunner.java:40)
org.testng.SuiteRunner$SuiteWorker.run(SuiteRunner.java:489)
org.testng.internal.thread.ThreadUtil$1.call(ThreadUtil.java:52)
java.util.concurrent.FutureTask.run(Unknown Source)
java.util.concurrent.ThreadPoolExecutor.runWorker(Unknown Source)
java.util.concurrent.ThreadPoolExecutor$Worker.run(Unknown Source)
java.lang.Thread.run(Unknown Source)</div></td></tr><tr><th>Exception</th></tr><tr><td><div class="stacktrace">org.openqa.selenium.WebDriverException: org.openqa.selenium.SessionNotCreatedException: Appium Server Error due to some reason please check Hub/AppiumStdErr logs for more Information (WARNING: The server did not provide any stacktrace information)
Command duration or timeout: 57.13 seconds
Build info: version: &apos;3.141.59&apos;, revision: &apos;e82be7d358&apos;, time: &apos;2018-11-14T08:17:03&apos;
System info: host: &apos;QKNBK474&apos;, ip: &apos;172.20.191.241&apos;, os.name: &apos;Windows 10&apos;, os.arch: &apos;amd64&apos;, os.version: &apos;10.0&apos;, java.version: &apos;1.8.0_131&apos;
Driver info: driver.version: AndroidDriver
	at com.qaprosoft.carina.core.foundation.webdriver.listener.EventFiringAppiumCommandExecutor.execute(EventFiringAppiumCommandExecutor.java:169)
	at org.openqa.selenium.remote.RemoteWebDriver.execute(RemoteWebDriver.java:552)
	at io.appium.java_client.DefaultGenericMobileDriver.execute(DefaultGenericMobileDriver.java:41)
	at io.appium.java_client.AppiumDriver.execute(AppiumDriver.java:1)
	at io.appium.java_client.android.AndroidDriver.execute(AndroidDriver.java:1)
	at org.openqa.selenium.remote.RemoteWebDriver.startSession(RemoteWebDriver.java:213)
	at io.appium.java_client.AppiumDriver.startSession(AppiumDriver.java:323)
	at org.openqa.selenium.remote.RemoteWebDriver.&lt;init&gt;(RemoteWebDriver.java:131)
	at io.appium.java_client.DefaultGenericMobileDriver.&lt;init&gt;(DefaultGenericMobileDriver.java:37)
	at io.appium.java_client.AppiumDriver.&lt;init&gt;(AppiumDriver.java:86)
	at io.appium.java_client.android.AndroidDriver.&lt;init&gt;(AndroidDriver.java:84)
	at com.qaprosoft.carina.core.foundation.webdriver.core.factory.impl.MobileFactory.create(MobileFactory.java:167)
	at com.qaprosoft.carina.core.foundation.webdriver.core.factory.DriverFactory.create(DriverFactory.java:71)
	at com.qaprosoft.carina.core.foundation.webdriver.IDriverPool.createDriver(IDriverPool.java:353)
	at com.qaprosoft.carina.core.foundation.webdriver.IDriverPool.getDriver(IDriverPool.java:143)
	at com.qaprosoft.carina.demo.HDFC_MobileSalesDemo.setCustCaps(HDFC_MobileSalesDemo.java:45)
	at com.qaprosoft.carina.demo.HDFC_MobileSalesDemo.testMobileSalesDiary(HDFC_MobileSalesDemo.java:67)
	at java.util.concurrent.FutureTask.run(Unknown Source)
	at java.util.concurrent.ThreadPoolExecutor.runWorker(Unknown Source)
	at java.util.concurrent.ThreadPoolExecutor$Worker.run(Unknown Source)
	at java.lang.Thread.run(Unknown Source)
Caused by: org.openqa.selenium.SessionNotCreatedException: Appium Server Error due to some reason please check Hub/AppiumStdErr logs for more Information (WARNING: The server did not provide any stacktrace information)
Command duration or timeout: 57.13 seconds
Build info: version: &apos;3.141.59&apos;, revision: &apos;e82be7d358&apos;, time: &apos;2018-11-14T08:17:03&apos;
System info: host: &apos;QKNBK474&apos;, ip: &apos;172.20.191.241&apos;, os.name: &apos;Windows 10&apos;, os.arch: &apos;amd64&apos;, os.version: &apos;10.0&apos;, java.version: &apos;1.8.0_131&apos;
Driver info: driver.version: AndroidDriver
	at org.openqa.selenium.remote.ErrorHandler.createThrowable(ErrorHandler.java:214)
	at org.openqa.selenium.remote.ErrorHandler.throwIfResponseFailed(ErrorHandler.java:166)
	at org.openqa.selenium.remote.JsonWireProtocolResponse.lambda$errorHandler$0(JsonWireProtocolResponse.java:54)
	at org.openqa.selenium.remote.HandshakeResponse.lambda$getResponseFunction$0(HandshakeResponse.java:30)
	at org.openqa.selenium.remote.ProtocolHandshake.lambda$createSession$0(ProtocolHandshake.java:126)
	at java.util.stream.ReferencePipeline$3$1.accept(Unknown Source)
	at java.util.Spliterators$ArraySpliterator.tryAdvance(Unknown Source)
	at java.util.stream.ReferencePipeline.forEachWithCancel(Unknown Source)
	at java.util.stream.AbstractPipeline.copyIntoWithCancel(Unknown Source)
	at java.util.stream.AbstractPipeline.copyInto(Unknown Source)
	at java.util.stream.AbstractPipeline.wrapAndCopyInto(Unknown Source)
	at java.util.stream.FindOps$FindOp.evaluateSequential(Unknown Source)
	at java.util.stream.AbstractPipeline.evaluate(Unknown Source)
	at java.util.stream.ReferencePipeline.findFirst(Unknown Source)
	at org.openqa.selenium.remote.ProtocolHandshake.createSession(ProtocolHandshake.java:128)
	at org.openqa.selenium.remote.ProtocolHandshake.createSession(ProtocolHandshake.java:74)
	at org.openqa.selenium.remote.HttpCommandExecutor.execute(HttpCommandExecutor.java:136)
	at com.qaprosoft.carina.core.foundation.webdriver.listener.EventFiringAppiumCommandExecutor.execute(EventFiringAppiumCommandExecutor.java:150)
	... 36 more
... Removed 20 stack frames</div></td></tr></table><p class="totop"><a href="#summary">back to summary</a></p>
</body>
</html>
